<?xml version="1.0" encoding="UTF-8"?>
<!-- Generated by org.testng.reporters.JUnitReportReporter -->
<testsuite hostname="DESKTOP-UE46FL2" failures="0" tests="9" name="CAPSTONE_PROJECT.Capstone_Project.EbayLogin" time="22.135" errors="1" timestamp="2024-06-19T10:43:01 IST" skipped="4">
  <testcase classname="CAPSTONE_PROJECT.Capstone_Project.EbayLogin" name="login" time="6.468"/>
  <system-out/>
  <testcase classname="CAPSTONE_PROJECT.Capstone_Project.EbayLogin" name="Wishlist" time="0.000">
    <skipped/>
  </testcase> <!-- Wishlist -->
  <system-out/>
  <testcase classname="CAPSTONE_PROJECT.Capstone_Project.EbayLogin" name="Search" time="0.000">
    <skipped/>
  </testcase> <!-- Search -->
  <system-out/>
  <testcase classname="CAPSTONE_PROJECT.Capstone_Project.EbayLogin" name="invoke" time="7.333"/>
  <system-out/>
  <testcase classname="CAPSTONE_PROJECT.Capstone_Project.EbayLogin" name="Category" time="6.074">
    <error message="Unable to find element with locator By.linkText: Motors
For documentation on this error, please visit: https://www.selenium.dev/documentation/webdriver/troubleshooting/errors#no-such-element-exception
Build info: version: &#039;4.21.0&#039;, revision: &#039;79ed462ef4&#039;
System info: os.name: &#039;Windows 10&#039;, os.arch: &#039;amd64&#039;, os.version: &#039;10.0&#039;, java.version: &#039;21.0.1&#039;
Driver info: driver.version: RemoteWebDriver" type="org.openqa.selenium.NoSuchElementException">
      <![CDATA[org.openqa.selenium.NoSuchElementException: Unable to find element with locator By.linkText: Motors
For documentation on this error, please visit: https://www.selenium.dev/documentation/webdriver/troubleshooting/errors#no-such-element-exception
Build info: version: '4.21.0', revision: '79ed462ef4'
System info: os.name: 'Windows 10', os.arch: 'amd64', os.version: '10.0', java.version: '21.0.1'
Driver info: driver.version: RemoteWebDriver
at org.openqa.selenium.remote.ElementLocation$ElementFinder$2.findElement(ElementLocation.java:168)
at org.openqa.selenium.remote.ElementLocation.findElement(ElementLocation.java:59)
at org.openqa.selenium.remote.RemoteWebDriver.findElement(RemoteWebDriver.java:355)
at org.openqa.selenium.remote.RemoteWebDriver.findElement(RemoteWebDriver.java:349)
at CAPSTONE_PROJECT.Capstone_Project.EbayCategory.Motors(EbayCategory.java:25)
at CAPSTONE_PROJECT.Capstone_Project.EbayLogin.Category(EbayLogin.java:103)
at java.base/jdk.internal.reflect.DirectMethodHandleAccessor.invoke(DirectMethodHandleAccessor.java:103)
at java.base/java.lang.reflect.Method.invoke(Method.java:580)
at org.testng.internal.MethodInvocationHelper.invokeMethod(MethodInvocationHelper.java:133)
at org.testng.internal.TestInvoker.invokeMethod(TestInvoker.java:598)
at org.testng.internal.TestInvoker.invokeTestMethod(TestInvoker.java:173)
at org.testng.internal.MethodRunner.runInSequence(MethodRunner.java:46)
at org.testng.internal.TestInvoker$MethodInvocationAgent.invoke(TestInvoker.java:824)
at org.testng.internal.TestInvoker.invokeTestMethods(TestInvoker.java:146)
at org.testng.internal.TestMethodWorker.invokeTestMethods(TestMethodWorker.java:146)
at org.testng.internal.TestMethodWorker.run(TestMethodWorker.java:128)
at java.base/java.util.ArrayList.forEach(ArrayList.java:1596)
at org.testng.TestRunner.privateRun(TestRunner.java:794)
at org.testng.TestRunner.run(TestRunner.java:596)
at org.testng.SuiteRunner.runTest(SuiteRunner.java:377)
at org.testng.SuiteRunner.runSequentially(SuiteRunner.java:371)
at org.testng.SuiteRunner.privateRun(SuiteRunner.java:332)
at org.testng.SuiteRunner.run(SuiteRunner.java:276)
at org.testng.SuiteRunnerWorker.runSuite(SuiteRunnerWorker.java:53)
at org.testng.SuiteRunnerWorker.run(SuiteRunnerWorker.java:96)
at org.testng.TestNG.runSuitesSequentially(TestNG.java:1212)
at org.testng.TestNG.runSuitesLocally(TestNG.java:1134)
at org.testng.TestNG.runSuites(TestNG.java:1063)
at org.testng.TestNG.run(TestNG.java:1031)
at org.testng.remote.AbstractRemoteTestNG.run(AbstractRemoteTestNG.java:115)
at org.testng.remote.RemoteTestNG.initAndRun(RemoteTestNG.java:293)
at org.testng.remote.RemoteTestNG.main(RemoteTestNG.java:91)
]]>
    </error>
  </testcase> <!-- Category -->
  <system-out/>
  <testcase classname="CAPSTONE_PROJECT.Capstone_Project.EbayLogin" name="Addtocart" time="0.000">
    <skipped/>
  </testcase> <!-- Addtocart -->
  <system-out/>
  <testcase classname="CAPSTONE_PROJECT.Capstone_Project.EbayLogin" name="Signout" time="0.000">
    <skipped/>
  </testcase> <!-- Signout -->
  <system-out/>
  <testcase classname="CAPSTONE_PROJECT.Capstone_Project.EbayLogin" name="setup" time="2.254"/>
  <system-out/>
  <testcase classname="CAPSTONE_PROJECT.Capstone_Project.EbayLogin" name="invoke" time="0.006"/>
  <system-out/>
</testsuite> <!-- CAPSTONE_PROJECT.Capstone_Project.EbayLogin -->
