<?xml version="1.0" encoding="UTF-8"?>
<!-- Generated by org.testng.reporters.JUnitXMLReporter -->
<testsuite ignored="0" hostname="DESKTOP-UE46FL2" failures="1" tests="9" name="Test" time="25.083" errors="0" timestamp="2024-06-19T10:43:01 IST">
  <testcase classname="CAPSTONE_PROJECT.Capstone_Project.BaseClass" name="invoke" time="7.333"/>
  <testcase classname="CAPSTONE_PROJECT.Capstone_Project.EbayLogin" name="invoke" time="0.006"/>
  <testcase classname="CAPSTONE_PROJECT.Capstone_Project.EbayLogin" name="setup" time="2.254"/>
  <testcase classname="CAPSTONE_PROJECT.Capstone_Project.EbayLogin" name="login" time="6.468"/>
  <testcase classname="CAPSTONE_PROJECT.Capstone_Project.EbayLogin" name="Category" time="6.074">
    <failure type="org.openqa.selenium.NoSuchElementException" message="Unable to find element with locator By.linkText: Motors
For documentation on this error, please visit: https://www.selenium.dev/documentation/webdriver/troubleshooting/errors#no-such-element-exception
Build info: version: &amp;apos;4.21.0&amp;apos;, revision: &amp;apos;79ed462ef4&amp;apos;
System info: os.name: &amp;apos;Windows 10&amp;apos;, os.arch: &amp;apos;amd64&amp;apos;, os.version: &amp;apos;10.0&amp;apos;, java.version: &amp;apos;21.0.1&amp;apos;
Driver info: driver.version: RemoteWebDriver">
      <![CDATA[org.openqa.selenium.NoSuchElementException: Unable to find element with locator By.linkText: Motors
For documentation on this error, please visit: https://www.selenium.dev/documentation/webdriver/troubleshooting/errors#no-such-element-exception
Build info: version: '4.21.0', revision: '79ed462ef4'
System info: os.name: 'Windows 10', os.arch: 'amd64', os.version: '10.0', java.version: '21.0.1'
Driver info: driver.version: RemoteWebDriver
at org.openqa.selenium.remote.ElementLocation$ElementFinder$2.findElement(ElementLocation.java:168)
at org.openqa.selenium.remote.ElementLocation.findElement(ElementLocation.java:59)
at org.openqa.selenium.remote.RemoteWebDriver.findElement(RemoteWebDriver.java:355)
at org.openqa.selenium.remote.RemoteWebDriver.findElement(RemoteWebDriver.java:349)
at CAPSTONE_PROJECT.Capstone_Project.EbayCategory.Motors(EbayCategory.java:25)
at CAPSTONE_PROJECT.Capstone_Project.EbayLogin.Category(EbayLogin.java:103)
at java.base/java.util.ArrayList.forEach(ArrayList.java:1596)
... Removed 25 stack frames]]>
    </failure>
  </testcase> <!-- Category -->
  <testcase classname="CAPSTONE_PROJECT.Capstone_Project.EbayLogin" name="Search" time="0.0">
    <skipped/>
  </testcase> <!-- Search -->
  <testcase classname="CAPSTONE_PROJECT.Capstone_Project.EbayLogin" name="Wishlist" time="0.0">
    <skipped/>
  </testcase> <!-- Wishlist -->
  <testcase classname="CAPSTONE_PROJECT.Capstone_Project.EbayLogin" name="Addtocart" time="0.0">
    <skipped/>
  </testcase> <!-- Addtocart -->
  <testcase classname="CAPSTONE_PROJECT.Capstone_Project.EbayLogin" name="Signout" time="0.0">
    <skipped/>
  </testcase> <!-- Signout -->
</testsuite> <!-- Test -->
